af
agq
ak
am
ar
ar_AE
as
asa
az
az_AZ
az_Cyrl
az_Latn
az_Latn_AZ
bas
be
bem
bez
bg
bm
bm_Latn
bn
bo
bo_IN
br
brx
bs
bs_BA
bs_Cyrl
bs_Latn
bs_Latn_BA
ca
cgg
chr
cs
cy
da
dav
de
de_CH
dje
dsb
dua
dyo
dz
ebu
ee
el
en
en_150
en_AG
en_AI
en_AU
en_BB
en_BE
en_BM
en_BS
en_BW
en_BZ
en_CA
en_CC
en_CK
en_CM
en_CX
en_DG
en_DM
en_ER
en_FJ
en_FK
en_FM
en_GB
en_GD
en_GG
en_GH
en_GI
en_GM
en_GY
en_HK
en_IE
en_IM
en_IN
en_IO
en_JE
en_JM
en_KE
en_KI
en_KN
en_KY
en_LC
en_LR
en_LS
en_MG
en_MO
en_MS
en_MT
en_MU
en_MW
en_MY
en_NA
en_NF
en_NG
en_NH
en_NR
en_NU
en_NZ
en_PG
en_PH
en_PK
en_PN
en_PW
en_RH
en_RW
en_SB
en_SC
en_SD
en_SG
en_SH
en_SL
en_SS
en_SX
en_SZ
en_TC
en_TK
en_TO
en_TT
en_TV
en_TZ
en_UG
en_VC
en_VG
en_VU
en_WS
en_ZA
en_ZM
en_ZW
eo
es
es_419
es_AR
es_BO
es_CL
es_CO
es_CR
es_CU
es_DO
es_EC
es_GT
es_HN
es_MX
es_NI
es_PA
es_PE
es_PR
es_PY
es_SV
es_US
es_UY
es_VE
et
eu
ewo
fa
fa_AF
ff
fi
fil
fil_PH
fo
fr
fr_CA
fur
fy
ga
gd
gl
gsw
gu
guz
gv
ha
ha_GH
ha_Latn
ha_Latn_GH
ha_Latn_NE
ha_Latn_NG
ha_NE
ha_NG
haw
he
he_IL
hi
hr
hsb
hu
hy
id
id_ID
ig
ii
in
in_ID
is
it
iw
iw_IL
ja
ja_JP
ja_JP_TRADITIONAL
jgo
jmc
ka
kab
kam
kde
kea
khq
ki
kk
kk_Cyrl
kk_Cyrl_KZ
kk_KZ
kkj
kl
kln
km
kn
ko
kok
ks
ks_Arab
ks_Arab_IN
ks_IN
ksb
ksf
ksh
kw
ky
ky_Cyrl
ky_Cyrl_KG
ky_KG
lag
lb
lg
lkt
ln
lo
lt
lu
luo
luy
lv
mas
mer
mfe
mg
mgh
mgo
mk
ml
mn
mn_Cyrl
mn_Cyrl_MN
mn_MN
mo
mr
ms
ms_BN
ms_Latn
ms_Latn_BN
ms_Latn_MY
ms_Latn_SG
ms_MY
ms_SG
mt
mua
my
naq
nb
nb_NO
nd
ne
nl
nmg
nn
nn_NO
nnh
no
no_NO
no_NO_NY
nus
nyn
om
or
os
pa
pa_Arab
pa_Arab_PK
pa_Guru
pa_Guru_IN
pa_IN
pa_PK
pl
ps
pt
pt_AO
pt_CV
pt_GW
pt_MO
pt_MZ
pt_PT
pt_ST
pt_TL
qu
rm
rn
ro
ro_MD
rof
root
ru
rw
rwk
sah
saq
sbp
se
se_FI
seh
ses
sg
sh
sh_BA
sh_CS
sh_YU
shi
shi_Latn
shi_MA
shi_Tfng
shi_Tfng_MA
si
sk
sl
smn
sn
so
sq
sr
sr_BA
sr_CS
sr_Cyrl
sr_Cyrl_BA
sr_Cyrl_CS
sr_Cyrl_RS
sr_Cyrl_XK
sr_Cyrl_YU
sr_Latn
sr_Latn_BA
sr_Latn_CS
sr_Latn_ME
sr_Latn_RS
sr_Latn_YU
sr_ME
sr_RS
sr_XK
sr_YU
sv
sw
sw_CD
ta
te
teo
th
th_TH
th_TH_TRADITIONAL
ti
tl
tl_PH
to
tr
twq
tzm
tzm_Latn
tzm_Latn_MA
tzm_MA
ug
ug_Arab
ug_Arab_CN
ug_CN
uk
ur
ur_IN
uz
uz_AF
uz_Arab
uz_Arab_AF
uz_Cyrl
uz_Latn
uz_Latn_UZ
uz_UZ
vai
vai_LR
vai_Latn
vai_Vaii
vai_Vaii_LR
vi
vun
wae
xog
yav
yi
yo
yo_BJ
zgh
zh
zh_CN
zh_HK
zh_Hans
zh_Hans_CN
zh_Hans_SG
zh_Hant
zh_Hant_HK
zh_Hant_MO
zh_Hant_TW
zh_MO
zh_SG
zh_TW
zu